<?xml version="1.0" encoding="UTF-8"?>
<testng-results skipped="0" failed="1" ignored="0" total="2" passed="1">
  <reporter-output>
  </reporter-output>
  <suite name="Suite" duration-ms="40974" started-at="2019-01-08T06:47:44Z" finished-at="2019-01-08T06:48:25Z">
    <groups>
    </groups>
    <test name="Way2" duration-ms="40974" started-at="2019-01-08T06:47:44Z" finished-at="2019-01-08T06:48:25Z">
      <class name="Nextgeneration.Naukri1">
        <test-method status="PASS" signature="launch()[pri:0, instance:Nextgeneration.Naukri1@6767c1fc]" name="launch" is-config="true" duration-ms="17270" started-at="2019-01-08T06:47:44Z" finished-at="2019-01-08T06:48:01Z">
          <reporter-output>
          </reporter-output>
        </test-method> <!-- launch -->
        <test-method status="FAIL" signature="login()[pri:0, instance:Nextgeneration.Naukri1@6767c1fc]" name="login" duration-ms="23073" started-at="2019-01-08T06:48:01Z" finished-at="2019-01-08T06:48:24Z">
          <exception class="org.openqa.selenium.TimeoutException">
            <message>
              <![CDATA[Expected condition failed: waiting for visibility of element located by By.linkText: UPDATE PROFILE (tried for 20 second(s) with 500 milliseconds interval)]]>
            </message>
            <full-stacktrace>
              <![CDATA[org.openqa.selenium.TimeoutException: Expected condition failed: waiting for visibility of element located by By.linkText: UPDATE PROFILE (tried for 20 second(s) with 500 milliseconds interval)
at org.openqa.selenium.support.ui.WebDriverWait.timeoutException(WebDriverWait.java:81)
at org.openqa.selenium.support.ui.FluentWait.until(FluentWait.java:271)
at Nextgeneration.Naukri1.login(Naukri1.java:36)
at sun.reflect.NativeMethodAccessorImpl.invoke0(Native Method)
at sun.reflect.NativeMethodAccessorImpl.invoke(Unknown Source)
at sun.reflect.DelegatingMethodAccessorImpl.invoke(Unknown Source)
at java.lang.reflect.Method.invoke(Unknown Source)
at org.testng.internal.MethodInvocationHelper.invokeMethod(MethodInvocationHelper.java:124)
at org.testng.internal.Invoker.invokeMethod(Invoker.java:580)
at org.testng.internal.Invoker.invokeTestMethod(Invoker.java:716)
at org.testng.internal.Invoker.invokeTestMethods(Invoker.java:988)
at org.testng.internal.TestMethodWorker.invokeTestMethods(TestMethodWorker.java:125)
at org.testng.internal.TestMethodWorker.run(TestMethodWorker.java:109)
at java.util.concurrent.ThreadPoolExecutor.runWorker(Unknown Source)
at java.util.concurrent.ThreadPoolExecutor$Worker.run(Unknown Source)
at java.lang.Thread.run(Unknown Source)
Caused by: org.openqa.selenium.NoSuchElementException: Cannot locate an element using By.linkText: UPDATE PROFILE
For documentation on this error, please visit: http://seleniumhq.org/exceptions/no_such_element.html
Build info: version: '3.12.0', revision: '7c6e0b3', time: '2018-05-08T15:15:03.216Z'
System info: host: 'KEERTHI-PC', ip: '192.168.43.73', os.name: 'Windows 7', os.arch: 'amd64', os.version: '6.1', java.version: '1.8.0_171'
Driver info: driver.version: unknown
at org.openqa.selenium.support.ui.ExpectedConditions.lambda$findElement$0(ExpectedConditions.java:896)
at java.util.Optional.orElseThrow(Unknown Source)
at org.openqa.selenium.support.ui.ExpectedConditions.findElement(ExpectedConditions.java:895)
at org.openqa.selenium.support.ui.ExpectedConditions.access$000(ExpectedConditions.java:44)
at org.openqa.selenium.support.ui.ExpectedConditions$7.apply(ExpectedConditions.java:206)
at org.openqa.selenium.support.ui.ExpectedConditions$7.apply(ExpectedConditions.java:202)
at org.openqa.selenium.support.ui.FluentWait.until(FluentWait.java:248)
... 14 more
]]>
            </full-stacktrace>
          </exception> <!-- org.openqa.selenium.TimeoutException -->
          <reporter-output>
          </reporter-output>
        </test-method> <!-- login -->
        <test-method status="PASS" signature="close()[pri:0, instance:Nextgeneration.Naukri1@6767c1fc]" name="close" is-config="true" duration-ms="599" started-at="2019-01-08T06:48:24Z" finished-at="2019-01-08T06:48:25Z">
          <reporter-output>
          </reporter-output>
        </test-method> <!-- close -->
      </class> <!-- Nextgeneration.Naukri1 -->
      <class name="Nextgeneration.Way2sms">
        <test-method status="PASS" signature="launch()[pri:0, instance:Nextgeneration.Way2sms@4678c730]" name="launch" is-config="true" duration-ms="12477" started-at="2019-01-08T06:47:44Z" finished-at="2019-01-08T06:47:56Z">
          <reporter-output>
          </reporter-output>
        </test-method> <!-- launch -->
        <test-method status="PASS" signature="login()[pri:0, instance:Nextgeneration.Way2sms@4678c730]" name="login" duration-ms="7544" started-at="2019-01-08T06:47:56Z" finished-at="2019-01-08T06:48:04Z">
          <reporter-output>
          </reporter-output>
        </test-method> <!-- login -->
        <test-method status="PASS" signature="logout()[pri:0, instance:Nextgeneration.Way2sms@4678c730]" name="logout" is-config="true" duration-ms="1760" started-at="2019-01-08T06:48:04Z" finished-at="2019-01-08T06:48:06Z">
          <reporter-output>
          </reporter-output>
        </test-method> <!-- logout -->
      </class> <!-- Nextgeneration.Way2sms -->
    </test> <!-- Way2 -->
  </suite> <!-- Suite -->
</testng-results>
